  main.cpp
D:\dev\repos\Fluid_Simulation\FluidSimulation\visualization\opengl\main.cpp(1,1): warning C4819: 현재 코드 페이지(949)에서 표시할 수 없는 문자가 파일에 들어 있습니다. 데이터가 손실되지 않게 하려면 해당 파일을 유니코드 형식으로 저장하십시오.
D:\dev\repos\Fluid_Simulation\FluidSimulation\Opensource\Src\eigen\eigen-3.4.0\Eigen\src\Core\arch\Default\Half.h(1,1): warning C4819: 현재 코드 페이지(949)에서 표시할 수 없는 문자가 파일에 들어 있습니다. 데이터가 손실되지 않게 하려면 해당 파일을 유니코드 형식으로 저장하십시오.
  (소스 파일 '../../../visualization/opengl/main.cpp'을(를) 컴파일하는 중)
  
D:\dev\repos\Fluid_Simulation\FluidSimulation\Opensource\Src\eigen\eigen-3.4.0\Eigen\src\Core\arch\Default\BFloat16.h(1,1): warning C4819: 현재 코드 페이지(949)에서 표시할 수 없는 문자가 파일에 들어 있습니다. 데이터가 손실되지 않게 하려면 해당 파일을 유니코드 형식으로 저장하십시오.
  (소스 파일 '../../../visualization/opengl/main.cpp'을(를) 컴파일하는 중)
  
D:\dev\repos\Fluid_Simulation\FluidSimulation\Opensource\Src\eigen\eigen-3.4.0\Eigen\src\Core\arch\Default\GenericPacketMathFunctions.h(676,1): warning C4819: 현재 코드 페이지(949)에서 표시할 수 없는 문자가 파일에 들어 있습니다. 데이터가 손실되지 않게 하려면 해당 파일을 유니코드 형식으로 저장하십시오.
  (소스 파일 '../../../visualization/opengl/main.cpp'을(를) 컴파일하는 중)
  
D:\dev\repos\Fluid_Simulation\FluidSimulation\Opensource\Src\eigen\eigen-3.4.0\Eigen\src\Core\products\GeneralBlockPanelKernel.h(2063,1): warning C4819: 현재 코드 페이지(949)에서 표시할 수 없는 문자가 파일에 들어 있습니다. 데이터가 손실되지 않게 하려면 해당 파일을 유니코드 형식으로 저장하십시오.
  (소스 파일 '../../../visualization/opengl/main.cpp'을(를) 컴파일하는 중)
  
D:\dev\repos\Fluid_Simulation\FluidSimulation\grid\grid.h(1,1): warning C4819: 현재 코드 페이지(949)에서 표시할 수 없는 문자가 파일에 들어 있습니다. 데이터가 손실되지 않게 하려면 해당 파일을 유니코드 형식으로 저장하십시오.
  (소스 파일 '../../../visualization/opengl/main.cpp'을(를) 컴파일하는 중)
  
D:\dev\repos\Fluid_Simulation\FluidSimulation\myVector\myVector2D.h(1,1): warning C4819: 현재 코드 페이지(949)에서 표시할 수 없는 문자가 파일에 들어 있습니다. 데이터가 손실되지 않게 하려면 해당 파일을 유니코드 형식으로 저장하십시오.
  (소스 파일 '../../../visualization/opengl/main.cpp'을(를) 컴파일하는 중)
  
D:\dev\repos\Fluid_Simulation\FluidSimulation\grid\drawgrid.h(1,1): warning C4819: 현재 코드 페이지(949)에서 표시할 수 없는 문자가 파일에 들어 있습니다. 데이터가 손실되지 않게 하려면 해당 파일을 유니코드 형식으로 저장하십시오.
  (소스 파일 '../../../visualization/opengl/main.cpp'을(를) 컴파일하는 중)
  
D:\dev\repos\Fluid_Simulation\FluidSimulation\particle\particle.h(1,1): warning C4819: 현재 코드 페이지(949)에서 표시할 수 없는 문자가 파일에 들어 있습니다. 데이터가 손실되지 않게 하려면 해당 파일을 유니코드 형식으로 저장하십시오.
  (소스 파일 '../../../visualization/opengl/main.cpp'을(를) 컴파일하는 중)
  
D:\dev\repos\Fluid_Simulation\FluidSimulation\Simulation\fluid_grid_2D.h(1,1): warning C4819: 현재 코드 페이지(949)에서 표시할 수 없는 문자가 파일에 들어 있습니다. 데이터가 손실되지 않게 하려면 해당 파일을 유니코드 형식으로 저장하십시오.
  (소스 파일 '../../../visualization/opengl/main.cpp'을(를) 컴파일하는 중)
  
D:\dev\repos\Fluid_Simulation\FluidSimulation\Simulation\fluid_grid_2D.h(758,1): warning C4819: 현재 코드 페이지(949)에서 표시할 수 없는 문자가 파일에 들어 있습니다. 데이터가 손실되지 않게 하려면 해당 파일을 유니코드 형식으로 저장하십시오.
  (소스 파일 '../../../visualization/opengl/main.cpp'을(를) 컴파일하는 중)
  
D:\dev\repos\Fluid_Simulation\FluidSimulation\Simulation\fluid_grid_2D.h(1371,1): warning C4819: 현재 코드 페이지(949)에서 표시할 수 없는 문자가 파일에 들어 있습니다. 데이터가 손실되지 않게 하려면 해당 파일을 유니코드 형식으로 저장하십시오.
  (소스 파일 '../../../visualization/opengl/main.cpp'을(를) 컴파일하는 중)
  
D:\dev\repos\Fluid_Simulation\FluidSimulation\box\box.h(1,1): warning C4819: 현재 코드 페이지(949)에서 표시할 수 없는 문자가 파일에 들어 있습니다. 데이터가 손실되지 않게 하려면 해당 파일을 유니코드 형식으로 저장하십시오.
  (소스 파일 '../../../visualization/opengl/main.cpp'을(를) 컴파일하는 중)
  
D:\dev\repos\Fluid_Simulation\FluidSimulation\visualization\opengl\main.cpp(313,43): warning C4267: '인수': 'size_t'에서 'GLsizei'(으)로 변환하면서 데이터가 손실될 수 있습니다.
D:\dev\repos\Fluid_Simulation\FluidSimulation\visualization\opengl\main.cpp(323,14): warning C4305: '인수': 'double'에서 'GLfloat'(으)로 잘립니다.
D:\dev\repos\Fluid_Simulation\FluidSimulation\visualization\opengl\main.cpp(324,41): warning C4267: '인수': 'size_t'에서 'GLint'(으)로 변환하면서 데이터가 손실될 수 있습니다.
D:\dev\repos\Fluid_Simulation\FluidSimulation\visualization\opengl\main.cpp(332,108): warning C4267: '인수': 'size_t'에서 'GLsizei'(으)로 변환하면서 데이터가 손실될 수 있습니다.
D:\dev\repos\Fluid_Simulation\FluidSimulation\visualization\opengl\main.cpp(332,47): warning C4267: '인수': 'size_t'에서 'GLint'(으)로 변환하면서 데이터가 손실될 수 있습니다.
D:\dev\repos\Fluid_Simulation\FluidSimulation\visualization\opengl\main.cpp(338,152): warning C4267: '인수': 'size_t'에서 'GLsizei'(으)로 변환하면서 데이터가 손실될 수 있습니다.
D:\dev\repos\Fluid_Simulation\FluidSimulation\visualization\opengl\main.cpp(338,66): warning C4267: '인수': 'size_t'에서 'GLint'(으)로 변환하면서 데이터가 손실될 수 있습니다.
D:\dev\repos\Fluid_Simulation\FluidSimulation\grid\grid.h(31,16): warning C4244: 'return': 'double'에서 'int'(으)로 변환하면서 데이터가 손실될 수 있습니다.
  (소스 파일 '../../../visualization/opengl/main.cpp'을(를) 컴파일하는 중)
      D:\dev\repos\Fluid_Simulation\FluidSimulation\grid\grid.h(31,16):
      템플릿 인스턴스화 컨텍스트(가장 오래된 인스턴스화 컨텍스트)가
          D:\dev\repos\Fluid_Simulation\FluidSimulation\Simulation\fluid_grid_2D.h(300,9):
          컴파일되는 클래스 템플릿 인스턴스화 'MAC_Grid<CellType>'에 대한 참조를 확인하세요.
          D:\dev\repos\Fluid_Simulation\FluidSimulation\grid\grid.h(30,6):
          클래스 템플릿 멤버 함수 'int MAC_Grid<CellType>::get_VectorIndex_from_cell(Vector2D)'을(를) 컴파일하는 중입니다.
              D:\dev\repos\Fluid_Simulation\FluidSimulation\Simulation\fluid_grid_2D.h(914,9):
              'Fluid_Simulator_Grid::extrapolate_velocity_to_air_cell'에서 'MAC_Grid<CellType>::get_VectorIndex_from_cell'에 대한 첫 번째 참조를 확인하세요.
  
  코드를 생성하고 있습니다.
  2 of 1639 functions ( 0.1%) were compiled, the rest were copied from previous compilation.
    0 functions were new in current compilation
    3 functions had inline decision re-evaluated but remain unchanged
  코드를 생성했습니다.
  FluidSimulation_OpenGL.vcxproj -> D:\dev\repos\Fluid_Simulation\FluidSimulation\projects\ParticleSimulation\x64\Release\FluidSimulation_OpenGL.exe
