  Constant_Acceleration_Simulation_2D.cpp
D:\dev\repos\Fluid_Simulation\FluidSimulation\Simulation\Constant_Acceleration_Simulation_2D.h(1,1): warning C4819: 현재 코드 페이지(949)에서 표시할 수 없는 문자가 파일에 들어 있습니다. 데이터가 손실되지 않게 하려면 해당 파일을 유니코드 형식으로 저장하십시오.
  (소스 파일 'Constant_Acceleration_Simulation_2D.cpp'을(를) 컴파일하는 중)
  
D:\dev\repos\Fluid_Simulation\FluidSimulation\myVector\myVector2D.h(1,1): warning C4819: 현재 코드 페이지(949)에서 표시할 수 없는 문자가 파일에 들어 있습니다. 데이터가 손실되지 않게 하려면 해당 파일을 유니코드 형식으로 저장하십시오.
  (소스 파일 'Constant_Acceleration_Simulation_2D.cpp'을(를) 컴파일하는 중)
  
D:\dev\repos\Fluid_Simulation\FluidSimulation\particle\particle.h(1,1): warning C4819: 현재 코드 페이지(949)에서 표시할 수 없는 문자가 파일에 들어 있습니다. 데이터가 손실되지 않게 하려면 해당 파일을 유니코드 형식으로 저장하십시오.
  (소스 파일 'Constant_Acceleration_Simulation_2D.cpp'을(를) 컴파일하는 중)
  
D:\dev\repos\Fluid_Simulation\FluidSimulation\grid\grid.h(1,1): warning C4819: 현재 코드 페이지(949)에서 표시할 수 없는 문자가 파일에 들어 있습니다. 데이터가 손실되지 않게 하려면 해당 파일을 유니코드 형식으로 저장하십시오.
  (소스 파일 'Constant_Acceleration_Simulation_2D.cpp'을(를) 컴파일하는 중)
  
D:\dev\repos\Fluid_Simulation\FluidSimulation\Opensource\Src\eigen\eigen-3.4.0\Eigen\src\Core\arch\Default\Half.h(1,1): warning C4819: 현재 코드 페이지(949)에서 표시할 수 없는 문자가 파일에 들어 있습니다. 데이터가 손실되지 않게 하려면 해당 파일을 유니코드 형식으로 저장하십시오.
  (소스 파일 'Constant_Acceleration_Simulation_2D.cpp'을(를) 컴파일하는 중)
  
D:\dev\repos\Fluid_Simulation\FluidSimulation\Opensource\Src\eigen\eigen-3.4.0\Eigen\src\Core\arch\Default\BFloat16.h(1,1): warning C4819: 현재 코드 페이지(949)에서 표시할 수 없는 문자가 파일에 들어 있습니다. 데이터가 손실되지 않게 하려면 해당 파일을 유니코드 형식으로 저장하십시오.
  (소스 파일 'Constant_Acceleration_Simulation_2D.cpp'을(를) 컴파일하는 중)
  
D:\dev\repos\Fluid_Simulation\FluidSimulation\Opensource\Src\eigen\eigen-3.4.0\Eigen\src\Core\arch\Default\GenericPacketMathFunctions.h(676,1): warning C4819: 현재 코드 페이지(949)에서 표시할 수 없는 문자가 파일에 들어 있습니다. 데이터가 손실되지 않게 하려면 해당 파일을 유니코드 형식으로 저장하십시오.
  (소스 파일 'Constant_Acceleration_Simulation_2D.cpp'을(를) 컴파일하는 중)
  
D:\dev\repos\Fluid_Simulation\FluidSimulation\Opensource\Src\eigen\eigen-3.4.0\Eigen\src\Core\products\GeneralBlockPanelKernel.h(2063,1): warning C4819: 현재 코드 페이지(949)에서 표시할 수 없는 문자가 파일에 들어 있습니다. 데이터가 손실되지 않게 하려면 해당 파일을 유니코드 형식으로 저장하십시오.
  (소스 파일 'Constant_Acceleration_Simulation_2D.cpp'을(를) 컴파일하는 중)
  
D:\dev\repos\Fluid_Simulation\FluidSimulation\Simulation\Constant_Acceleration_Simulation_2D.h(69,16): warning C4305: '=': 'double'에서 'float'(으)로 잘립니다.
  (소스 파일 'Constant_Acceleration_Simulation_2D.cpp'을(를) 컴파일하는 중)
  
D:\dev\repos\Fluid_Simulation\FluidSimulation\Simulation\Constant_Acceleration_Simulation_2D.h(91,16): warning C4305: '=': 'double'에서 'float'(으)로 잘립니다.
  (소스 파일 'Constant_Acceleration_Simulation_2D.cpp'을(를) 컴파일하는 중)
  
  코드를 생성하고 있습니다.
  124 of 127 functions (97.6%) were compiled, the rest were copied from previous compilation.
    76 functions were new in current compilation
    1 functions had inline decision re-evaluated but remain unchanged
  코드를 생성했습니다.
  Constant_Acceleration_Simulation_2D.vcxproj -> D:\dev\repos\Fluid_Simulation\FluidSimulation\projects\ParticleSimulation\x64\Release\Constant_Acceleration_Simulation_2D.exe
