  Fluid_Simulation_2D.cpp
D:\dev\repos\FluidSimulation\Simulation\fluid_grid_2D.h(1,1): warning C4819: 현재 코드 페이지(949)에서 표시할 수 없는 문자가 파일에 들어 있습니다. 데이터가 손실되지 않게 하려면 해당 파일을 유니코드 형식으로 저장하십시오.
  (소스 파일 'Fluid_Simulation_2D.cpp'을(를) 컴파일하는 중)
  
D:\dev\repos\FluidSimulation\myVector\myVector2D.h(1,1): warning C4819: 현재 코드 페이지(949)에서 표시할 수 없는 문자가 파일에 들어 있습니다. 데이터가 손실되지 않게 하려면 해당 파일을 유니코드 형식으로 저장하십시오.
  (소스 파일 'Fluid_Simulation_2D.cpp'을(를) 컴파일하는 중)
  
D:\dev\repos\FluidSimulation\particle\particle.h(1,1): warning C4819: 현재 코드 페이지(949)에서 표시할 수 없는 문자가 파일에 들어 있습니다. 데이터가 손실되지 않게 하려면 해당 파일을 유니코드 형식으로 저장하십시오.
  (소스 파일 'Fluid_Simulation_2D.cpp'을(를) 컴파일하는 중)
  
D:\dev\repos\FluidSimulation\grid\grid.h(1,1): warning C4819: 현재 코드 페이지(949)에서 표시할 수 없는 문자가 파일에 들어 있습니다. 데이터가 손실되지 않게 하려면 해당 파일을 유니코드 형식으로 저장하십시오.
  (소스 파일 'Fluid_Simulation_2D.cpp'을(를) 컴파일하는 중)
  
D:\dev\repos\FluidSimulation\Opensource\Src\eigen\eigen-3.4.0\Eigen\src\Core\arch\Default\Half.h(1,1): warning C4819: 현재 코드 페이지(949)에서 표시할 수 없는 문자가 파일에 들어 있습니다. 데이터가 손실되지 않게 하려면 해당 파일을 유니코드 형식으로 저장하십시오.
  (소스 파일 'Fluid_Simulation_2D.cpp'을(를) 컴파일하는 중)
  
D:\dev\repos\FluidSimulation\Opensource\Src\eigen\eigen-3.4.0\Eigen\src\Core\arch\Default\BFloat16.h(1,1): warning C4819: 현재 코드 페이지(949)에서 표시할 수 없는 문자가 파일에 들어 있습니다. 데이터가 손실되지 않게 하려면 해당 파일을 유니코드 형식으로 저장하십시오.
  (소스 파일 'Fluid_Simulation_2D.cpp'을(를) 컴파일하는 중)
  
D:\dev\repos\FluidSimulation\Opensource\Src\eigen\eigen-3.4.0\Eigen\src\Core\arch\Default\GenericPacketMathFunctions.h(676,1): warning C4819: 현재 코드 페이지(949)에서 표시할 수 없는 문자가 파일에 들어 있습니다. 데이터가 손실되지 않게 하려면 해당 파일을 유니코드 형식으로 저장하십시오.
  (소스 파일 'Fluid_Simulation_2D.cpp'을(를) 컴파일하는 중)
  
D:\dev\repos\FluidSimulation\Opensource\Src\eigen\eigen-3.4.0\Eigen\src\Core\products\GeneralBlockPanelKernel.h(2063,1): warning C4819: 현재 코드 페이지(949)에서 표시할 수 없는 문자가 파일에 들어 있습니다. 데이터가 손실되지 않게 하려면 해당 파일을 유니코드 형식으로 저장하십시오.
  (소스 파일 'Fluid_Simulation_2D.cpp'을(를) 컴파일하는 중)
  
D:\dev\repos\FluidSimulation\Simulation\fluid_grid_2D.h(758,1): warning C4819: 현재 코드 페이지(949)에서 표시할 수 없는 문자가 파일에 들어 있습니다. 데이터가 손실되지 않게 하려면 해당 파일을 유니코드 형식으로 저장하십시오.
  (소스 파일 'Fluid_Simulation_2D.cpp'을(를) 컴파일하는 중)
  
D:\dev\repos\FluidSimulation\Simulation\fluid_grid_2D.h(1371,1): warning C4819: 현재 코드 페이지(949)에서 표시할 수 없는 문자가 파일에 들어 있습니다. 데이터가 손실되지 않게 하려면 해당 파일을 유니코드 형식으로 저장하십시오.
  (소스 파일 'Fluid_Simulation_2D.cpp'을(를) 컴파일하는 중)
  
D:\dev\repos\FluidSimulation\grid\grid.h(31,16): warning C4244: 'return': 'double'에서 'int'(으)로 변환하면서 데이터가 손실될 수 있습니다.
  (소스 파일 'Fluid_Simulation_2D.cpp'을(를) 컴파일하는 중)
      D:\dev\repos\FluidSimulation\grid\grid.h(31,16):
      템플릿 인스턴스화 컨텍스트(가장 오래된 인스턴스화 컨텍스트)가
          D:\dev\repos\FluidSimulation\Simulation\fluid_grid_2D.h(300,9):
          컴파일되는 클래스 템플릿 인스턴스화 'MAC_Grid<CellType>'에 대한 참조를 확인하세요.
          D:\dev\repos\FluidSimulation\grid\grid.h(30,6):
          클래스 템플릿 멤버 함수 'int MAC_Grid<CellType>::get_VectorIndex_from_cell(Vector2D)'을(를) 컴파일하는 중입니다.
              D:\dev\repos\FluidSimulation\Simulation\fluid_grid_2D.h(914,9):
              'Fluid_Simulator_Grid::extrapolate_velocity_to_air_cell'에서 'MAC_Grid<CellType>::get_VectorIndex_from_cell'에 대한 첫 번째 참조를 확인하세요.
  
  코드를 생성하고 있습니다.
  Previous IPDB not found, fall back to full compilation.
  All 1539 functions were compiled because no usable IPDB/IOBJ from previous compilation was found.
  코드를 생성했습니다.
  Fluid_Simulation_2D.vcxproj -> D:\dev\repos\FluidSimulation\projects\ParticleSimulation\x64\Release\Fluid_Simulation_2D.exe
