  Gather_Simulation.cpp
D:\dev\repos\FluidSimulation\Simulation\gather_simulation.h(1,1): warning C4819: 현재 코드 페이지(949)에서 표시할 수 없는 문자가 파일에 들어 있습니다. 데이터가 손실되지 않게 하려면 해당 파일을 유니코드 형식으로 저장하십시오.
  (소스 파일 'Gather_Simulation.cpp'을(를) 컴파일하는 중)
  
D:\dev\repos\FluidSimulation\myVector\myVector2D.h(1,1): warning C4819: 현재 코드 페이지(949)에서 표시할 수 없는 문자가 파일에 들어 있습니다. 데이터가 손실되지 않게 하려면 해당 파일을 유니코드 형식으로 저장하십시오.
  (소스 파일 'Gather_Simulation.cpp'을(를) 컴파일하는 중)
  
D:\dev\repos\FluidSimulation\particle\particle.h(1,1): warning C4819: 현재 코드 페이지(949)에서 표시할 수 없는 문자가 파일에 들어 있습니다. 데이터가 손실되지 않게 하려면 해당 파일을 유니코드 형식으로 저장하십시오.
  (소스 파일 'Gather_Simulation.cpp'을(를) 컴파일하는 중)
  
D:\dev\repos\FluidSimulation\grid\grid.h(1,1): warning C4819: 현재 코드 페이지(949)에서 표시할 수 없는 문자가 파일에 들어 있습니다. 데이터가 손실되지 않게 하려면 해당 파일을 유니코드 형식으로 저장하십시오.
  (소스 파일 'Gather_Simulation.cpp'을(를) 컴파일하는 중)
  
D:\dev\repos\FluidSimulation\Opensource\Src\eigen\eigen-3.4.0\Eigen\src\Core\arch\Default\Half.h(1,1): warning C4819: 현재 코드 페이지(949)에서 표시할 수 없는 문자가 파일에 들어 있습니다. 데이터가 손실되지 않게 하려면 해당 파일을 유니코드 형식으로 저장하십시오.
  (소스 파일 'Gather_Simulation.cpp'을(를) 컴파일하는 중)
  
D:\dev\repos\FluidSimulation\Opensource\Src\eigen\eigen-3.4.0\Eigen\src\Core\arch\Default\BFloat16.h(1,1): warning C4819: 현재 코드 페이지(949)에서 표시할 수 없는 문자가 파일에 들어 있습니다. 데이터가 손실되지 않게 하려면 해당 파일을 유니코드 형식으로 저장하십시오.
  (소스 파일 'Gather_Simulation.cpp'을(를) 컴파일하는 중)
  
D:\dev\repos\FluidSimulation\Opensource\Src\eigen\eigen-3.4.0\Eigen\src\Core\arch\Default\GenericPacketMathFunctions.h(676,1): warning C4819: 현재 코드 페이지(949)에서 표시할 수 없는 문자가 파일에 들어 있습니다. 데이터가 손실되지 않게 하려면 해당 파일을 유니코드 형식으로 저장하십시오.
  (소스 파일 'Gather_Simulation.cpp'을(를) 컴파일하는 중)
  
D:\dev\repos\FluidSimulation\Opensource\Src\eigen\eigen-3.4.0\Eigen\src\Core\products\GeneralBlockPanelKernel.h(2063,1): warning C4819: 현재 코드 페이지(949)에서 표시할 수 없는 문자가 파일에 들어 있습니다. 데이터가 손실되지 않게 하려면 해당 파일을 유니코드 형식으로 저장하십시오.
  (소스 파일 'Gather_Simulation.cpp'을(를) 컴파일하는 중)
  
D:\dev\repos\FluidSimulation\Simulation\gather_simulation.h(117,34): warning C4267: '인수': 'size_t'에서 'int'(으)로 변환하면서 데이터가 손실될 수 있습니다.
  (소스 파일 'Gather_Simulation.cpp'을(를) 컴파일하는 중)
  
  코드를 생성하고 있습니다.
  Previous IPDB not found, fall back to full compilation.
  All 105 functions were compiled because no usable IPDB/IOBJ from previous compilation was found.
  코드를 생성했습니다.
  Gather_Simulation.vcxproj -> D:\dev\repos\FluidSimulation\projects\ParticleSimulation\x64\Release\Gather_Simulation.exe
